<?xml version="1.0" encoding="UTF-8"?>
<testsuite name="Busqueda y Categoria de productos" tests="4" skipped="0" failures="0" errors="0" timestamp="2022-11-17T21:02:53" hostname="LAPTOP-5B05JJEF" time="56.408">
  <properties/>
  <testcase name="el usuario deberia  poder ver un icono de buisqueda para poder digitar" classname="Busqueda y Categoria de productos" time="8.432"/>
  <testcase name="el usuario deberia  poder encontrar articulos con la palabra buscada" classname="Busqueda y Categoria de productos" time="24.541"/>
  <testcase name="el usuario deberia  poder ver la categoria a la que pertenece los productos desplegados" classname="Busqueda y Categoria de productos" time="8.289"/>
  <testcase name="el usuario deberia poder ver que el producto que relaciono en la busqueda no existe" classname="Busqueda y Categoria de productos" time="15.125"/>
  <system-out><![CDATA[16:02:53.828 [Test worker] INFO net.serenitybdd.core.webdriver.driverproviders.ProvideNewDriver - Instantiating driver
16:02:53.828 [Test worker] INFO net.serenitybdd.core.webdriver.driverproviders.ProvideNewDriver - Driver capabilities: Capabilities {acceptInsecureCerts: false, acceptSslCerts: true, browserName: chrome, goog:chromeOptions: {args: [], extensions: []}, incognito: true, loggingPrefs: org.openqa.selenium.logging..., platform: ANY, version: }
16:02:56.912 [Test worker] DEBUG net.serenitybdd.core.photography.Darkroom - Opening darkroom
16:02:56.913 [Darkroom Processing Line] DEBUG net.serenitybdd.core.photography.DarkroomProcessingLine - Darkroom processing line starting up
16:02:57.351 [Test worker] DEBUG net.serenitybdd.core.photography.Darkroom - Send negative for processing for C:\Users\57300\OneDrive\Documentos\u Sebas\metodologias desarrollo de software\Proyecto\HU1-master\target\site\serenity\128973eab8b61fc85e48d39e4a64fb4fa99f989f57e3344ebe880a48b2dcd359.png
16:02:59.689 [Test worker] DEBUG net.serenitybdd.core.photography.Darkroom - Send negative for processing for C:\Users\57300\OneDrive\Documentos\u Sebas\metodologias desarrollo de software\Proyecto\HU1-master\target\site\serenity\96e16662c5d9cc6ab49fb46c22c24fad6faa34c83ae6f970334d616ec62d0a8e.png
16:02:59.689 [Darkroom Processing Line] DEBUG net.serenitybdd.core.photography.DarkroomProcessingLine - Processing screenshot image in /var/screenshots/screenshot-3517873002930513389
16:02:59.689 [Darkroom Processing Line] DEBUG net.serenitybdd.core.photography.DarkroomProcessingLine - Saving screenshot to C:\Users\57300\OneDrive\Documentos\u Sebas\metodologias desarrollo de software\Proyecto\HU1-master\target\site\serenity\96e16662c5d9cc6ab49fb46c22c24fad6faa34c83ae6f970334d616ec62d0a8e.png
16:03:00.830 [Test worker] DEBUG net.serenitybdd.core.photography.Darkroom - Send negative for processing for C:\Users\57300\OneDrive\Documentos\u Sebas\metodologias desarrollo de software\Proyecto\HU1-master\target\site\serenity\0803754ba73d71eb8f1f978bbc47752a9fa87067813b11ed867678478653cad1.png
16:03:00.830 [Darkroom Processing Line] DEBUG net.serenitybdd.core.photography.DarkroomProcessingLine - Processing screenshot image in /var/screenshots/screenshot-3104698838395893732
16:03:00.830 [Darkroom Processing Line] DEBUG net.serenitybdd.core.photography.DarkroomProcessingLine - Saving screenshot to C:\Users\57300\OneDrive\Documentos\u Sebas\metodologias desarrollo de software\Proyecto\HU1-master\target\site\serenity\0803754ba73d71eb8f1f978bbc47752a9fa87067813b11ed867678478653cad1.png
16:03:01.552 [Test worker] INFO net.thucydides.core.steps.ConsoleLoggingListener - ?[92m
        __    _____ _____ ____ _____   ____   _    ____  ____  _____ ____  
  _     \ \  |_   _| ____/ ___|_   _| |  _ \ / \  / ___|/ ___|| ____|  _ \ 
 (_)_____| |   | | |  _| \___ \ | |   | |_) / _ \ \___ \\___ \|  _| | | | |
  _|_____| |   | | | |___ ___) || |   |  __/ ___ \ ___) |___) | |___| |_| |
 (_)     | |   |_| |_____|____/ |_|   |_| /_/   \_\____/|____/|_____|____/ 
        /_/                                                                

TEST PASSED: el usuario deberia  poder ver un icono de buisqueda para poder digitar
----------------------------------------------------------------------------?[0m
16:03:01.750 [Test worker] INFO net.serenitybdd.core.webdriver.driverproviders.ProvideNewDriver - Instantiating driver
16:03:01.750 [Test worker] INFO net.serenitybdd.core.webdriver.driverproviders.ProvideNewDriver - Driver capabilities: Capabilities {acceptInsecureCerts: false, acceptSslCerts: true, browserName: chrome, goog:chromeOptions: {args: [], extensions: []}, incognito: true, loggingPrefs: org.openqa.selenium.logging..., platform: ANY, version: }
16:03:04.425 [Test worker] DEBUG net.serenitybdd.core.photography.Darkroom - Send negative for processing for C:\Users\57300\OneDrive\Documentos\u Sebas\metodologias desarrollo de software\Proyecto\HU1-master\target\site\serenity\841b366d00dbbe6c30b49cd0f5fbd277d6178c9eac3ecfe8338e73e8ce932cc2.png
16:03:24.984 [Test worker] DEBUG net.serenitybdd.core.photography.Darkroom - Send negative for processing for C:\Users\57300\OneDrive\Documentos\u Sebas\metodologias desarrollo de software\Proyecto\HU1-master\target\site\serenity\789f2d11634de53ec82cb99a76b92fcf54d66a3a9c35f32b824f65534c4a52be.png
16:03:24.985 [Darkroom Processing Line] DEBUG net.serenitybdd.core.photography.DarkroomProcessingLine - Processing screenshot image in /var/screenshots/screenshot-8323100939550109621
16:03:24.985 [Darkroom Processing Line] DEBUG net.serenitybdd.core.photography.DarkroomProcessingLine - Saving screenshot to C:\Users\57300\OneDrive\Documentos\u Sebas\metodologias desarrollo de software\Proyecto\HU1-master\target\site\serenity\789f2d11634de53ec82cb99a76b92fcf54d66a3a9c35f32b824f65534c4a52be.png
16:03:25.358 [Test worker] DEBUG net.serenitybdd.core.photography.Darkroom - Send negative for processing for C:\Users\57300\OneDrive\Documentos\u Sebas\metodologias desarrollo de software\Proyecto\HU1-master\target\site\serenity\63f43eff4d2bc50704df771b6cdf16aba82ee3bc5e5e32ce9b2c9ac405963d55.png
16:03:25.359 [Darkroom Processing Line] DEBUG net.serenitybdd.core.photography.DarkroomProcessingLine - Processing screenshot image in /var/screenshots/screenshot-1684504559738842777
16:03:25.359 [Darkroom Processing Line] DEBUG net.serenitybdd.core.photography.DarkroomProcessingLine - Saving screenshot to C:\Users\57300\OneDrive\Documentos\u Sebas\metodologias desarrollo de software\Proyecto\HU1-master\target\site\serenity\63f43eff4d2bc50704df771b6cdf16aba82ee3bc5e5e32ce9b2c9ac405963d55.png
16:03:26.101 [Test worker] INFO net.thucydides.core.steps.ConsoleLoggingListener - ?[92m
        __    _____ _____ ____ _____   ____   _    ____  ____  _____ ____  
  _     \ \  |_   _| ____/ ___|_   _| |  _ \ / \  / ___|/ ___|| ____|  _ \ 
 (_)_____| |   | | |  _| \___ \ | |   | |_) / _ \ \___ \\___ \|  _| | | | |
  _|_____| |   | | | |___ ___) || |   |  __/ ___ \ ___) |___) | |___| |_| |
 (_)     | |   |_| |_____|____/ |_|   |_| /_/   \_\____/|____/|_____|____/ 
        /_/                                                                

TEST PASSED: el usuario deberia  poder encontrar articulos con la palabra buscada
----------------------------------------------------------------------------?[0m
16:03:26.305 [Test worker] INFO net.serenitybdd.core.webdriver.driverproviders.ProvideNewDriver - Instantiating driver
16:03:26.305 [Test worker] INFO net.serenitybdd.core.webdriver.driverproviders.ProvideNewDriver - Driver capabilities: Capabilities {acceptInsecureCerts: false, acceptSslCerts: true, browserName: chrome, goog:chromeOptions: {args: [], extensions: []}, incognito: true, loggingPrefs: org.openqa.selenium.logging..., platform: ANY, version: }
16:03:28.695 [Test worker] DEBUG net.serenitybdd.core.photography.Darkroom - Send negative for processing for C:\Users\57300\OneDrive\Documentos\u Sebas\metodologias desarrollo de software\Proyecto\HU1-master\target\site\serenity\128973eab8b61fc85e48d39e4a64fb4fa99f989f57e3344ebe880a48b2dcd359.png
16:03:32.962 [Test worker] DEBUG net.serenitybdd.core.photography.Darkroom - Send negative for processing for C:\Users\57300\OneDrive\Documentos\u Sebas\metodologias desarrollo de software\Proyecto\HU1-master\target\site\serenity\b8aeb6f8b2e1b2ad008c72710932d2f4354fda7256062534b6266f27502cc31e.png
16:03:32.963 [Darkroom Processing Line] DEBUG net.serenitybdd.core.photography.DarkroomProcessingLine - Processing screenshot image in /var/screenshots/screenshot-3169430955776496170
16:03:32.963 [Darkroom Processing Line] DEBUG net.serenitybdd.core.photography.DarkroomProcessingLine - Saving screenshot to C:\Users\57300\OneDrive\Documentos\u Sebas\metodologias desarrollo de software\Proyecto\HU1-master\target\site\serenity\b8aeb6f8b2e1b2ad008c72710932d2f4354fda7256062534b6266f27502cc31e.png
LAPTOPS
16:03:33.693 [Test worker] DEBUG net.serenitybdd.core.photography.Darkroom - Send negative for processing for C:\Users\57300\OneDrive\Documentos\u Sebas\metodologias desarrollo de software\Proyecto\HU1-master\target\site\serenity\444a2f193ca82afd8b409fe9eac120aec47708c08b7cd58718adb4eec01c10a1.png
16:03:33.693 [Darkroom Processing Line] DEBUG net.serenitybdd.core.photography.DarkroomProcessingLine - Processing screenshot image in /var/screenshots/screenshot-6189968898851558591
16:03:33.693 [Darkroom Processing Line] DEBUG net.serenitybdd.core.photography.DarkroomProcessingLine - Saving screenshot to C:\Users\57300\OneDrive\Documentos\u Sebas\metodologias desarrollo de software\Proyecto\HU1-master\target\site\serenity\444a2f193ca82afd8b409fe9eac120aec47708c08b7cd58718adb4eec01c10a1.png
16:03:34.397 [Test worker] INFO net.thucydides.core.steps.ConsoleLoggingListener - ?[92m
        __    _____ _____ ____ _____   ____   _    ____  ____  _____ ____  
  _     \ \  |_   _| ____/ ___|_   _| |  _ \ / \  / ___|/ ___|| ____|  _ \ 
 (_)_____| |   | | |  _| \___ \ | |   | |_) / _ \ \___ \\___ \|  _| | | | |
  _|_____| |   | | | |___ ___) || |   |  __/ ___ \ ___) |___) | |___| |_| |
 (_)     | |   |_| |_____|____/ |_|   |_| /_/   \_\____/|____/|_____|____/ 
        /_/                                                                

TEST PASSED: el usuario deberia  poder ver la categoria a la que pertenece los productos desplegados
----------------------------------------------------------------------------?[0m
16:03:34.596 [Test worker] INFO net.serenitybdd.core.webdriver.driverproviders.ProvideNewDriver - Instantiating driver
16:03:34.596 [Test worker] INFO net.serenitybdd.core.webdriver.driverproviders.ProvideNewDriver - Driver capabilities: Capabilities {acceptInsecureCerts: false, acceptSslCerts: true, browserName: chrome, goog:chromeOptions: {args: [], extensions: []}, incognito: true, loggingPrefs: org.openqa.selenium.logging..., platform: ANY, version: }
16:03:37.420 [Test worker] DEBUG net.serenitybdd.core.photography.Darkroom - Send negative for processing for C:\Users\57300\OneDrive\Documentos\u Sebas\metodologias desarrollo de software\Proyecto\HU1-master\target\site\serenity\841b366d00dbbe6c30b49cd0f5fbd277d6178c9eac3ecfe8338e73e8ce932cc2.png
No results for "mm"*******************************************************
16:03:48.538 [Test worker] DEBUG net.serenitybdd.core.photography.Darkroom - Send negative for processing for C:\Users\57300\OneDrive\Documentos\u Sebas\metodologias desarrollo de software\Proyecto\HU1-master\target\site\serenity\effa283f72ca45ba46787342ea6824ca0dcc07f8332d0e1db85bbfe47a63d627.png
16:03:48.539 [Darkroom Processing Line] DEBUG net.serenitybdd.core.photography.DarkroomProcessingLine - Processing screenshot image in /var/screenshots/screenshot-3455820403126650296
16:03:48.539 [Darkroom Processing Line] DEBUG net.serenitybdd.core.photography.DarkroomProcessingLine - Saving screenshot to C:\Users\57300\OneDrive\Documentos\u Sebas\metodologias desarrollo de software\Proyecto\HU1-master\target\site\serenity\effa283f72ca45ba46787342ea6824ca0dcc07f8332d0e1db85bbfe47a63d627.png
16:03:48.803 [Test worker] DEBUG net.serenitybdd.core.photography.Darkroom - Send negative for processing for C:\Users\57300\OneDrive\Documentos\u Sebas\metodologias desarrollo de software\Proyecto\HU1-master\target\site\serenity\a23ba71bb03899124428441545a5af2e81d200308dd06f95d1081426a7ee20a7.png
16:03:48.804 [Darkroom Processing Line] DEBUG net.serenitybdd.core.photography.DarkroomProcessingLine - Processing screenshot image in /var/screenshots/screenshot-8328247955618124808
16:03:48.804 [Darkroom Processing Line] DEBUG net.serenitybdd.core.photography.DarkroomProcessingLine - Saving screenshot to C:\Users\57300\OneDrive\Documentos\u Sebas\metodologias desarrollo de software\Proyecto\HU1-master\target\site\serenity\a23ba71bb03899124428441545a5af2e81d200308dd06f95d1081426a7ee20a7.png
16:03:49.528 [Test worker] INFO net.thucydides.core.steps.ConsoleLoggingListener - ?[92m
        __    _____ _____ ____ _____   ____   _    ____  ____  _____ ____  
  _     \ \  |_   _| ____/ ___|_   _| |  _ \ / \  / ___|/ ___|| ____|  _ \ 
 (_)_____| |   | | |  _| \___ \ | |   | |_) / _ \ \___ \\___ \|  _| | | | |
  _|_____| |   | | | |___ ___) || |   |  __/ ___ \ ___) |___) | |___| |_| |
 (_)     | |   |_| |_____|____/ |_|   |_| /_/   \_\____/|____/|_____|____/ 
        /_/                                                                

TEST PASSED: el usuario deberia poder ver que el producto que relaciono en la busqueda no existe
----------------------------------------------------------------------------?[0m
]]></system-out>
  <system-err><![CDATA[nov 17, 2022 4:02:53 PM org.openqa.selenium.remote.DesiredCapabilities chrome
INFORMACIÓN: Using `new ChromeOptions()` is preferred to `DesiredCapabilities.chrome()`
Starting ChromeDriver 107.0.5304.62 (1eec40d3a5764881c92085aaee66d25075c159aa-refs/branch-heads/5304@{#942}) on port 34456
Only local connections are allowed.
Please see https://chromedriver.chromium.org/security-considerations for suggestions on keeping ChromeDriver safe.
ChromeDriver was started successfully.
nov 17, 2022 4:02:55 PM org.openqa.selenium.remote.ProtocolHandshake createSession
INFORMACIÓN: Detected dialect: W3C
nov 17, 2022 4:03:01 PM org.openqa.selenium.remote.DesiredCapabilities chrome
INFORMACIÓN: Using `new ChromeOptions()` is preferred to `DesiredCapabilities.chrome()`
Starting ChromeDriver 107.0.5304.62 (1eec40d3a5764881c92085aaee66d25075c159aa-refs/branch-heads/5304@{#942}) on port 29191
Only local connections are allowed.
Please see https://chromedriver.chromium.org/security-considerations for suggestions on keeping ChromeDriver safe.
ChromeDriver was started successfully.
nov 17, 2022 4:03:02 PM org.openqa.selenium.remote.ProtocolHandshake createSession
INFORMACIÓN: Detected dialect: W3C
nov 17, 2022 4:03:26 PM org.openqa.selenium.remote.DesiredCapabilities chrome
INFORMACIÓN: Using `new ChromeOptions()` is preferred to `DesiredCapabilities.chrome()`
Starting ChromeDriver 107.0.5304.62 (1eec40d3a5764881c92085aaee66d25075c159aa-refs/branch-heads/5304@{#942}) on port 39273
Only local connections are allowed.
Please see https://chromedriver.chromium.org/security-considerations for suggestions on keeping ChromeDriver safe.
ChromeDriver was started successfully.
nov 17, 2022 4:03:27 PM org.openqa.selenium.remote.ProtocolHandshake createSession
INFORMACIÓN: Detected dialect: W3C
nov 17, 2022 4:03:34 PM org.openqa.selenium.remote.DesiredCapabilities chrome
INFORMACIÓN: Using `new ChromeOptions()` is preferred to `DesiredCapabilities.chrome()`
Starting ChromeDriver 107.0.5304.62 (1eec40d3a5764881c92085aaee66d25075c159aa-refs/branch-heads/5304@{#942}) on port 3938
Only local connections are allowed.
Please see https://chromedriver.chromium.org/security-considerations for suggestions on keeping ChromeDriver safe.
ChromeDriver was started successfully.
nov 17, 2022 4:03:35 PM org.openqa.selenium.remote.ProtocolHandshake createSession
INFORMACIÓN: Detected dialect: W3C
]]></system-err>
</testsuite>
