<?xml version="1.0" encoding="UTF-8"?>
<testsuite name="Ver al menos tres redes sociales" tests="1" skipped="0" failures="0" errors="0" timestamp="2022-11-15T23:31:37" hostname="LAPTOP-5B05JJEF" time="13.724">
  <properties/>
  <testcase name="el usuario deberia  poder ver en la parte inferior de la pagina al menos tres redes sociales" classname="Ver al menos tres redes sociales" time="13.724"/>
  <system-out><![CDATA[18:31:38.389 [Test worker] INFO net.serenitybdd.core.webdriver.driverproviders.ProvideNewDriver - Instantiating driver
18:31:38.389 [Test worker] INFO net.serenitybdd.core.webdriver.driverproviders.ProvideNewDriver - Driver capabilities: Capabilities {acceptInsecureCerts: false, acceptSslCerts: true, browserName: chrome, goog:chromeOptions: {args: [], extensions: []}, incognito: true, loggingPrefs: org.openqa.selenium.logging..., platform: ANY, version: }
18:31:42.099 [Test worker] DEBUG net.serenitybdd.core.photography.Darkroom - Opening darkroom
18:31:42.100 [Darkroom Processing Line] DEBUG net.serenitybdd.core.photography.DarkroomProcessingLine - Darkroom processing line starting up
18:31:42.716 [Test worker] DEBUG net.serenitybdd.core.photography.Darkroom - Send negative for processing for C:\Users\57300\OneDrive\Documentos\u Sebas\metodologias desarrollo de software\Proyecto\HU1-master\target\site\serenity\128973eab8b61fc85e48d39e4a64fb4fa99f989f57e3344ebe880a48b2dcd359.png
18:31:42.717 [Darkroom Processing Line] DEBUG net.serenitybdd.core.photography.DarkroomProcessingLine - Processing screenshot image in /var/screenshots/screenshot-7081594100545499377
18:31:42.717 [Darkroom Processing Line] DEBUG net.serenitybdd.core.photography.DarkroomProcessingLine - Saving screenshot to C:\Users\57300\OneDrive\Documentos\u Sebas\metodologias desarrollo de software\Proyecto\HU1-master\target\site\serenity\128973eab8b61fc85e48d39e4a64fb4fa99f989f57e3344ebe880a48b2dcd359.png
18:31:45.550 [Test worker] DEBUG net.serenitybdd.core.photography.Darkroom - Send negative for processing for C:\Users\57300\OneDrive\Documentos\u Sebas\metodologias desarrollo de software\Proyecto\HU1-master\target\site\serenity\71365432362fb60d5581f1b50f3a92c6d6dcc33fc884cf0ad5dbc9e411c85d6d.png
18:31:45.551 [Darkroom Processing Line] DEBUG net.serenitybdd.core.photography.DarkroomProcessingLine - Processing screenshot image in /var/screenshots/screenshot-5656867518321734430
18:31:45.551 [Darkroom Processing Line] DEBUG net.serenitybdd.core.photography.DarkroomProcessingLine - Saving screenshot to C:\Users\57300\OneDrive\Documentos\u Sebas\metodologias desarrollo de software\Proyecto\HU1-master\target\site\serenity\71365432362fb60d5581f1b50f3a92c6d6dcc33fc884cf0ad5dbc9e411c85d6d.png
follow_facebook**********************************
follow_twitter**********************************
follow_linkedin**********************************
follow_facebook**********************************
follow_twitter**********************************
follow_linkedin**********************************
follow_facebook**********************************
follow_twitter**********************************
follow_linkedin**********************************
18:31:49.803 [Test worker] DEBUG net.serenitybdd.core.photography.Darkroom - Send negative for processing for C:\Users\57300\OneDrive\Documentos\u Sebas\metodologias desarrollo de software\Proyecto\HU1-master\target\site\serenity\e829926e5adc28680a3135c16262f09add191c5887bf282f2c582e40bd333c4e.png
18:31:49.811 [Darkroom Processing Line] DEBUG net.serenitybdd.core.photography.DarkroomProcessingLine - Processing screenshot image in /var/screenshots/screenshot-8546256644980387163
18:31:49.811 [Darkroom Processing Line] DEBUG net.serenitybdd.core.photography.DarkroomProcessingLine - Saving screenshot to C:\Users\57300\OneDrive\Documentos\u Sebas\metodologias desarrollo de software\Proyecto\HU1-master\target\site\serenity\e829926e5adc28680a3135c16262f09add191c5887bf282f2c582e40bd333c4e.png
18:31:50.746 [Test worker] INFO net.thucydides.core.steps.ConsoleLoggingListener - ?[92m
        __    _____ _____ ____ _____   ____   _    ____  ____  _____ ____  
  _     \ \  |_   _| ____/ ___|_   _| |  _ \ / \  / ___|/ ___|| ____|  _ \ 
 (_)_____| |   | | |  _| \___ \ | |   | |_) / _ \ \___ \\___ \|  _| | | | |
  _|_____| |   | | | |___ ___) || |   |  __/ ___ \ ___) |___) | |___| |_| |
 (_)     | |   |_| |_____|____/ |_|   |_| /_/   \_\____/|____/|_____|____/ 
        /_/                                                                

TEST PASSED: el usuario deberia  poder ver en la parte inferior de la pagina al menos tres redes sociales
----------------------------------------------------------------------------?[0m
]]></system-out>
  <system-err><![CDATA[nov 15, 2022 6:31:37 PM org.openqa.selenium.remote.DesiredCapabilities chrome
INFORMACIÓN: Using `new ChromeOptions()` is preferred to `DesiredCapabilities.chrome()`
Starting ChromeDriver 107.0.5304.62 (1eec40d3a5764881c92085aaee66d25075c159aa-refs/branch-heads/5304@{#942}) on port 15107
Only local connections are allowed.
Please see https://chromedriver.chromium.org/security-considerations for suggestions on keeping ChromeDriver safe.
ChromeDriver was started successfully.
nov 15, 2022 6:31:40 PM org.openqa.selenium.remote.ProtocolHandshake createSession
INFORMACIÓN: Detected dialect: W3C
]]></system-err>
</testsuite>
