<?xml version="1.0" encoding="UTF-8"?>
<testsuite name="com.h3.runners.AdvantageonlineshoppingRunners" tests="0" skipped="0" failures="0" errors="0" timestamp="1970-01-01T00:00:00" hostname="LAPTOP-5B05JJEF" time="0.0">
  <properties/>
  <system-out><![CDATA[18:31:36.007 [Test worker] DEBUG net.thucydides.core.util.PropertiesFileLocalPreferences - LOADING LOCAL PROPERTIES FROM C:\Users\57300\OneDrive\Documentos\u Sebas\metodologias desarrollo de software\Proyecto\HU1-master\serenity.properties 
18:31:36.168 [Test worker] DEBUG net.thucydides.core.util.PropertiesFileLocalPreferences - LOADING LOCAL PROPERTIES FROM C:\Users\57300\OneDrive\Documentos\u Sebas\metodologias desarrollo de software\Proyecto\HU1-master\serenity.properties 
18:31:36.169 [Test worker] DEBUG net.thucydides.core.util.PropertiesFileLocalPreferences - LOADING LOCAL PROPERTIES FROM C:\Users\57300\OneDrive\Documentos\u Sebas\metodologias desarrollo de software\Proyecto\HU1-master\serenity.properties 
18:31:36.192 [Test worker] DEBUG net.thucydides.core.util.PropertiesFileLocalPreferences - webdriver.driver=chrome
18:31:36.192 [Test worker] DEBUG net.thucydides.core.util.PropertiesFileLocalPreferences - chrome.capabilities.incognito=true
18:31:36.193 [Test worker] DEBUG net.thucydides.core.util.PropertiesFileLocalPreferences - webdriver.chrome.driver=src/test/resources/drivers/chromedriver.exe
18:31:36.193 [Test worker] DEBUG net.thucydides.core.util.PropertiesFileLocalPreferences - chrome.capabilities.acceptSslCerts=true
18:31:36.193 [Test worker] DEBUG net.thucydides.core.util.PropertiesFileLocalPreferences - serenity.console.colors=true
18:31:36.194 [Test worker] DEBUG net.thucydides.core.util.PropertiesFileLocalPreferences - webdriver.base.url=https://advantageonlineshopping.com/#/
18:31:36.194 [Test worker] DEBUG net.thucydides.core.util.PropertiesFileLocalPreferences - serenity.project.name=Dojo Serenity / Cucumber
18:31:36.194 [Test worker] DEBUG net.thucydides.core.util.PropertiesFileLocalPreferences - webdriver.wait.for.timeout=6000
18:31:36.195 [Test worker] DEBUG net.thucydides.core.util.PropertiesFileLocalPreferences - serenity.use.unique.browser=true
18:31:36.195 [Test worker] DEBUG net.thucydides.core.util.PropertiesFileLocalPreferences - webdriver.timeouts.implicitlywait=20000
18:31:36.196 [Test worker] DEBUG net.thucydides.core.util.PropertiesFileLocalPreferences - serenity.browser.maximized=true
18:31:36.718 [Test worker] DEBUG net.thucydides.core.util.PropertiesFileLocalPreferences - LOADING LOCAL PROPERTIES FROM C:\Users\57300\OneDrive\Documentos\u Sebas\metodologias desarrollo de software\Proyecto\HU1-master\serenity.properties 
18:31:36.792 [Test worker] DEBUG net.thucydides.core.util.PropertiesFileLocalPreferences - LOADING LOCAL PROPERTIES FROM C:\Users\57300\OneDrive\Documentos\u Sebas\metodologias desarrollo de software\Proyecto\HU1-master\serenity.properties 
18:31:36.793 [Test worker] DEBUG net.thucydides.core.util.PropertiesFileLocalPreferences - LOADING LOCAL PROPERTIES FROM C:\Users\57300\OneDrive\Documentos\u Sebas\metodologias desarrollo de software\Proyecto\HU1-master\serenity.properties 
18:31:36.795 [Test worker] DEBUG net.thucydides.core.util.PropertiesFileLocalPreferences - webdriver.driver=chrome
18:31:36.795 [Test worker] DEBUG net.thucydides.core.util.PropertiesFileLocalPreferences - chrome.capabilities.incognito=true
18:31:36.796 [Test worker] DEBUG net.thucydides.core.util.PropertiesFileLocalPreferences - webdriver.chrome.driver=src/test/resources/drivers/chromedriver.exe
18:31:36.796 [Test worker] DEBUG net.thucydides.core.util.PropertiesFileLocalPreferences - chrome.capabilities.acceptSslCerts=true
18:31:36.796 [Test worker] DEBUG net.thucydides.core.util.PropertiesFileLocalPreferences - serenity.console.colors=true
18:31:36.796 [Test worker] DEBUG net.thucydides.core.util.PropertiesFileLocalPreferences - webdriver.base.url=https://advantageonlineshopping.com/#/
18:31:36.797 [Test worker] DEBUG net.thucydides.core.util.PropertiesFileLocalPreferences - serenity.project.name=Dojo Serenity / Cucumber
18:31:36.797 [Test worker] DEBUG net.thucydides.core.util.PropertiesFileLocalPreferences - webdriver.wait.for.timeout=6000
18:31:36.797 [Test worker] DEBUG net.thucydides.core.util.PropertiesFileLocalPreferences - serenity.use.unique.browser=true
18:31:36.797 [Test worker] DEBUG net.thucydides.core.util.PropertiesFileLocalPreferences - webdriver.timeouts.implicitlywait=20000
18:31:36.797 [Test worker] DEBUG net.thucydides.core.util.PropertiesFileLocalPreferences - serenity.browser.maximized=true
18:31:36.816 [Test worker] INFO net.thucydides.core.steps.ConsoleLoggingListener - ?[96m

-------------------------------------------------------------------------------------
     _______. _______ .______       _______ .__   __.  __  .___________.____    ____ 
    /       ||   ____||   _  \     |   ____||  \ |  | |  | |           |\   \  /   / 
   |   (----`|  |__   |  |_)  |    |  |__   |   \|  | |  | `---|  |----` \   \/   /  
    \   \    |   __|  |      /     |   __|  |  . `  | |  |     |  |       \_    _/   
.----)   |   |  |____ |  |\  \----.|  |____ |  |\   | |  |     |  |         |  |     
|_______/    |_______|| _| `._____||_______||__| \__| |__|     |__|         |__|    
                                                                                     
 News and tutorials at http://www.serenity-bdd.info                                  
 Documentation at https://wakaleo.gitbooks.io/the-serenity-book/content/             
 Join the Serenity Community on Rocket Chat at https://serenity-bdd.rocket.chat      
 Serenity BDD Support and Training at http://serenity-bdd.info/#/trainingandsupport  
 Learn Serenity BDD online at http://serenity-dojo.com                               
-------------------------------------------------------------------------------------
?[0m
18:31:36.837 [Test worker] DEBUG net.thucydides.core.steps.StepEventBus - Test suite started for story net.thucydides.core.model.Story@80170aba
18:31:36.840 [Test worker] INFO net.thucydides.core.steps.ConsoleLoggingListener - Test Suite Started: Ver al menos tres redes sociales
18:31:36.930 [Test worker] INFO net.thucydides.core.steps.ConsoleLoggingListener - 
 _____ _____ ____ _____   ____ _____  _    ____ _____ _____ ____  
|_   _| ____/ ___|_   _| / ___|_   _|/ \  |  _ \_   _| ____|  _ \ 
  | | |  _| \___ \ | |   \___ \ | | / _ \ | |_) || | |  _| | | | |
  | | | |___ ___) || |    ___) || |/ ___ \|  _ < | | | |___| |_| |
  |_| |_____|____/ |_|   |____/ |_/_/   \_\_| \_\|_| |_____|____/ 
                                                                  

TEST STARTED: el usuario deberia  poder ver en la parte inferior de la pagina al menos tres redes sociales
-------------------------------------------------------------------(ver-al-menos-tres-redes-sociales;el-usuario-deberia--poder-ver-en-la-parte-inferior-de-la-pagina-al-menos-tres-redes-sociales)
18:31:50.757 [Test worker] DEBUG net.thucydides.core.reports.ReportService - Reporting formats: [JSON, HTML]
18:31:50.954 [Test worker] DEBUG net.thucydides.core.reports.ReportService - Reporting formats: [JSON, HTML]
18:31:50.975 [Test worker] DEBUG net.thucydides.core.reports.ReportService - Generating reports for 1 test outcomes using: net.thucydides.core.reports.json.JSONTestOutcomeReporter@7f716e7f
18:31:50.978 [pool-1-thread-1] DEBUG net.thucydides.core.reports.ReportService - Processing test outcome Ver al menos tres redes sociales:el usuario deberia  poder ver en la parte inferior de la pagina al menos tres redes sociales
18:31:50.978 [pool-1-thread-1] DEBUG net.thucydides.core.reports.ReportService - net.thucydides.core.reports.json.JSONTestOutcomeReporter@7f716e7f: Generating report for test outcome: Ver al menos tres redes sociales:el usuario deberia  poder ver en la parte inferior de la pagina al menos tres redes sociales
18:31:50.983 [pool-1-thread-1] DEBUG net.thucydides.core.reports.json.JSONTestOutcomeReporter - Generating JSON report for el usuario deberia  poder ver en la parte inferior de la pagina al menos tres redes sociales to file C:\Users\57300\OneDrive\Documentos\u Sebas\metodologias desarrollo de software\Proyecto\HU1-master\target\site\serenity\41bddf5585d1e375c372c55e1b1e493b5109eec442bf52a33f358ea32eb8eb40.json (using temp file C:\Users\57300\OneDrive\Documentos\u Sebas\metodologias desarrollo de software\Proyecto\HU1-master\target\site\serenity\41bddf5585d1e375c372c55e1b1e493b5109eec442bf52a33f358ea32eb8eb40.json207d6ed3-af52-414b-9b86-97e0f3ed169f)
18:31:51.034 [pool-1-thread-1] DEBUG net.thucydides.core.reports.ReportService - Processing test outcome Ver al menos tres redes sociales:el usuario deberia  poder ver en la parte inferior de la pagina al menos tres redes sociales done
18:31:51.035 [Test worker] DEBUG net.thucydides.core.reports.ReportService - Shutting down executor service
18:31:51.035 [Test worker] DEBUG net.thucydides.core.reports.ReportService - Reports generated in: 60 ms
18:31:51.035 [Test worker] DEBUG net.thucydides.core.reports.ReportService - Generating reports for 1 test outcomes using: net.thucydides.core.reports.html.HtmlAcceptanceTestReporter@57be1227
18:31:51.037 [pool-2-thread-1] DEBUG net.thucydides.core.reports.ReportService - Processing test outcome Ver al menos tres redes sociales:el usuario deberia  poder ver en la parte inferior de la pagina al menos tres redes sociales
18:31:51.037 [pool-2-thread-1] DEBUG net.thucydides.core.reports.ReportService - net.thucydides.core.reports.html.HtmlAcceptanceTestReporter@57be1227: Generating report for test outcome: Ver al menos tres redes sociales:el usuario deberia  poder ver en la parte inferior de la pagina al menos tres redes sociales
18:31:51.038 [pool-2-thread-1] DEBUG net.thucydides.core.reports.html.HtmlAcceptanceTestReporter - GENERATE TEST OUTCOME REPORT FOR el usuario deberia  poder ver en la parte inferior de la pagina al menos tres redes sociales in 41bddf5585d1e375c372c55e1b1e493b5109eec442bf52a33f358ea32eb8eb40
18:31:51.059 [pool-2-thread-1] DEBUG net.thucydides.core.requirements.RequirementsTagProvider -  found:[]
18:31:51.068 [pool-2-thread-1] DEBUG net.thucydides.core.requirements.RequirementsTagProvider -  found:[]
18:31:51.121 [pool-2-thread-1] DEBUG net.thucydides.core.requirements.RequirementsTagProvider -  found:[]
18:31:51.123 [pool-2-thread-1] DEBUG net.thucydides.core.requirements.RequirementsTagProvider -  found:[]
18:31:51.359 [pool-2-thread-1] DEBUG net.thucydides.core.reports.html.HtmlAcceptanceTestReporter - Generating report in 41bddf5585d1e375c372c55e1b1e493b5109eec442bf52a33f358ea32eb8eb40_screenshots.html
18:31:51.931 [pool-2-thread-1] DEBUG net.thucydides.core.reports.html.HtmlAcceptanceTestReporter - Generated report 41bddf5585d1e375c372c55e1b1e493b5109eec442bf52a33f358ea32eb8eb40_screenshots.html in 572 ms
18:31:51.934 [pool-2-thread-1] DEBUG net.thucydides.core.reports.html.HtmlAcceptanceTestReporter - GENERATING HTML REPORT FOR Ver al menos tres redes sociales:el usuario deberia  poder ver en la parte inferior de la pagina al menos tres redes sociales in 41bddf5585d1e375c372c55e1b1e493b5109eec442bf52a33f358ea32eb8eb40.html in directory C:\Users\57300\OneDrive\Documentos\u Sebas\metodologias desarrollo de software\Proyecto\HU1-master\target\site\serenity  
18:31:52.193 [pool-2-thread-1] DEBUG net.thucydides.core.reports.html.HtmlAcceptanceTestReporter - Generating report in 41bddf5585d1e375c372c55e1b1e493b5109eec442bf52a33f358ea32eb8eb40.html
18:31:52.262 [pool-2-thread-1] DEBUG net.thucydides.core.requirements.RequirementsTagProvider -  found:[]
18:31:52.262 [pool-2-thread-1] DEBUG net.thucydides.core.requirements.RequirementsTagProvider -  found:[]
18:31:52.317 [pool-2-thread-1] DEBUG net.thucydides.core.reports.html.HtmlAcceptanceTestReporter - Generated report 41bddf5585d1e375c372c55e1b1e493b5109eec442bf52a33f358ea32eb8eb40.html in 124 ms
18:31:52.318 [pool-2-thread-1] DEBUG net.thucydides.core.reports.ReportService - Processing test outcome Ver al menos tres redes sociales:el usuario deberia  poder ver en la parte inferior de la pagina al menos tres redes sociales done
18:31:52.318 [Test worker] DEBUG net.thucydides.core.reports.ReportService - Shutting down executor service
18:31:52.318 [Test worker] DEBUG net.thucydides.core.reports.ReportService - Reports generated in: 1281 ms
18:31:52.594 [Test worker] DEBUG net.serenitybdd.core.photography.Darkroom - Closing darkroom
18:31:52.594 [Darkroom Processing Line] DEBUG net.serenitybdd.core.photography.DarkroomProcessingLine - Darkroom processing line shutting down

1 Scenarios (?[32m1 passed?[0m)
3 Steps (?[32m3 passed?[0m)
0m14,239s

]]></system-out>
  <system-err><![CDATA[]]></system-err>
</testsuite>
